[2024-08-16 17:33:32,657: INFO: main: Welcome to our custom log]
[2024-08-16 17:33:46,700: INFO: main: Welcome to our custom log]
[2024-08-16 17:37:42,048: INFO: main: Welcome to our custom log]
[2024-08-20 11:26:22,133: WARNING: module_wrapper: From C:\Users\14173\AppData\Roaming\Python\Python310\site-packages\keras\src\losses.py:2976: The name tf.losses.sparse_softmax_cross_entropy is deprecated. Please use tf.compat.v1.losses.sparse_softmax_cross_entropy instead.
]
[2024-08-20 11:37:51,231: WARNING: module_wrapper: From C:\Users\14173\AppData\Roaming\Python\Python310\site-packages\keras\src\losses.py:2976: The name tf.losses.sparse_softmax_cross_entropy is deprecated. Please use tf.compat.v1.losses.sparse_softmax_cross_entropy instead.
]
[2024-08-20 11:41:05,640: WARNING: module_wrapper: From C:\Users\14173\AppData\Roaming\Python\Python310\site-packages\keras\src\losses.py:2976: The name tf.losses.sparse_softmax_cross_entropy is deprecated. Please use tf.compat.v1.losses.sparse_softmax_cross_entropy instead.
]
[2024-08-20 11:41:06,363: INFO: main: >>>>>> stage DATA_INJECTION started <<<<<<]
[2024-08-20 11:41:06,364: ERROR: main: 'module' object is not callable]
Traceback (most recent call last):
  File "C:\Users\14173\Desktop\ML\projects\weatherTSF\main.py", line 9, in <module>
    data_injection_example = data_injection()
TypeError: 'module' object is not callable
[2024-08-20 11:49:00,408: WARNING: module_wrapper: From C:\Users\14173\AppData\Roaming\Python\Python310\site-packages\keras\src\losses.py:2976: The name tf.losses.sparse_softmax_cross_entropy is deprecated. Please use tf.compat.v1.losses.sparse_softmax_cross_entropy instead.
]
[2024-08-20 11:49:01,123: INFO: main: >>>>>> stage DATA_INJECTION started <<<<<<]
[2024-08-20 11:49:17,062: INFO: main: >>>>>> stage DATA_INJECTION completed <<<<<<

x==========x]
[2024-08-20 11:54:06,655: WARNING: module_wrapper: From C:\Users\14173\AppData\Roaming\Python\Python310\site-packages\keras\src\losses.py:2976: The name tf.losses.sparse_softmax_cross_entropy is deprecated. Please use tf.compat.v1.losses.sparse_softmax_cross_entropy instead.
]
[2024-08-20 11:54:07,381: INFO: main: >>>>>> stage DATA_INJECTION started <<<<<<]
[2024-08-20 11:54:24,014: INFO: main: >>>>>> stage DATA_INJECTION completed <<<<<<

x==========x]
[2024-08-20 15:25:21,107: WARNING: module_wrapper: From C:\Users\14173\AppData\Roaming\Python\Python310\site-packages\keras\src\losses.py:2976: The name tf.losses.sparse_softmax_cross_entropy is deprecated. Please use tf.compat.v1.losses.sparse_softmax_cross_entropy instead.
]
[2024-08-20 15:25:21,971: INFO: main: >>>>>> stage DATA_INJECTION started <<<<<<]
[2024-08-20 15:25:37,938: INFO: main: >>>>>> stage DATA_INJECTION completed <<<<<<

x==========x]
[2024-08-21 14:42:14,030: WARNING: module_wrapper: From C:\Users\14173\AppData\Roaming\Python\Python310\site-packages\keras\src\losses.py:2976: The name tf.losses.sparse_softmax_cross_entropy is deprecated. Please use tf.compat.v1.losses.sparse_softmax_cross_entropy instead.
]
[2024-08-21 14:42:23,733: WARNING: font_manager: Matplotlib is building the font cache; this may take a moment.]
[2024-08-21 14:42:25,757: INFO: font_manager: generated new fontManager]
[2024-08-21 14:51:36,407: WARNING: module_wrapper: From C:\Users\14173\AppData\Roaming\Python\Python310\site-packages\keras\src\losses.py:2976: The name tf.losses.sparse_softmax_cross_entropy is deprecated. Please use tf.compat.v1.losses.sparse_softmax_cross_entropy instead.
]
[2024-08-21 14:51:38,438: INFO: main: >>>>>> stage DATA_INJECTION started <<<<<<]
[2024-08-21 14:57:26,917: INFO: main: >>>>>> stage DATA_INJECTION completed <<<<<<

x==========x]
[2024-08-21 14:57:26,924: INFO: main: >>>>>> stage PRETRAIN_MODEL started <<<<<<]
[2024-08-21 14:57:27,027: INFO: main: >>>>>> stage PRETRAIN_MODEL completed <<<<<<

x==========x]
[2024-08-21 14:57:27,028: INFO: main: >>>>>> stage DATA_WINDOWING started <<<<<<]
[2024-08-21 14:57:27,032: INFO: main: >>>>>> stage DATA_WINDOWING completed <<<<<<

x==========x]
[2024-08-21 14:57:27,033: INFO: main: >>>>>> stage SINGLE_STEP_MODELS started <<<<<<]
[2024-08-21 14:57:27,613: WARNING: module_wrapper: From C:\Users\14173\AppData\Roaming\Python\Python310\site-packages\keras\src\layers\rnn\lstm.py:148: The name tf.executing_eagerly_outside_functions is deprecated. Please use tf.compat.v1.executing_eagerly_outside_functions instead.
]
[2024-08-21 14:57:30,993: WARNING: module_wrapper: From C:\Users\14173\AppData\Roaming\Python\Python310\site-packages\keras\src\utils\tf_utils.py:492: The name tf.ragged.RaggedTensorValue is deprecated. Please use tf.compat.v1.ragged.RaggedTensorValue instead.
]
[2024-08-21 15:03:42,180: INFO: main: >>>>>> stage SINGLE_STEP_MODELS completed <<<<<<

x==========x]
[2024-08-21 19:22:55,611: WARNING: module_wrapper: From C:\Users\14173\AppData\Roaming\Python\Python310\site-packages\keras\src\losses.py:2976: The name tf.losses.sparse_softmax_cross_entropy is deprecated. Please use tf.compat.v1.losses.sparse_softmax_cross_entropy instead.
]
[2024-08-21 19:22:58,651: INFO: main: >>>>>> stage DATA_INJECTION started <<<<<<]
[2024-08-21 19:27:08,594: ERROR: main: File is not a zip file]
Traceback (most recent call last):
  File "C:\Users\14173\Desktop\ML\projects\weatherTSF\main.py", line 17, in <module>
    df, date_time = getDataset()
  File "C:\Users\14173\Desktop\ML\projects\weatherTSF\src\weatherTSF\components\data_injection.py", line 39, in getDataset
    with zipfile.ZipFile(zip_path, 'r') as zip_ref:
  File "C:\Users\14173\AppData\Local\Programs\Python\Python310\lib\zipfile.py", line 1267, in __init__
    self._RealGetContents()
  File "C:\Users\14173\AppData\Local\Programs\Python\Python310\lib\zipfile.py", line 1334, in _RealGetContents
    raise BadZipFile("File is not a zip file")
zipfile.BadZipFile: File is not a zip file
[2024-08-21 19:50:05,422: WARNING: module_wrapper: From C:\Users\14173\AppData\Roaming\Python\Python310\site-packages\keras\src\losses.py:2976: The name tf.losses.sparse_softmax_cross_entropy is deprecated. Please use tf.compat.v1.losses.sparse_softmax_cross_entropy instead.
]
[2024-08-21 19:50:09,007: INFO: main: >>>>>> stage DATA_INJECTION started <<<<<<]
[2024-08-21 19:50:09,012: ERROR: main: File is not a zip file]
Traceback (most recent call last):
  File "C:\Users\14173\Desktop\ML\projects\weatherTSF\main.py", line 17, in <module>
    df, date_time = getDataset()
  File "C:\Users\14173\Desktop\ML\projects\weatherTSF\src\weatherTSF\components\data_injection.py", line 39, in getDataset
    with zipfile.ZipFile(zip_path, 'r') as zip_ref:
  File "C:\Users\14173\AppData\Local\Programs\Python\Python310\lib\zipfile.py", line 1267, in __init__
    self._RealGetContents()
  File "C:\Users\14173\AppData\Local\Programs\Python\Python310\lib\zipfile.py", line 1334, in _RealGetContents
    raise BadZipFile("File is not a zip file")
zipfile.BadZipFile: File is not a zip file
[2024-08-21 20:13:42,250: WARNING: module_wrapper: From C:\Users\14173\AppData\Roaming\Python\Python310\site-packages\keras\src\losses.py:2976: The name tf.losses.sparse_softmax_cross_entropy is deprecated. Please use tf.compat.v1.losses.sparse_softmax_cross_entropy instead.
]
[2024-08-21 20:13:44,437: INFO: main: >>>>>> stage DATA_INJECTION started <<<<<<]
[2024-08-21 20:13:44,439: ERROR: main: File is not a zip file]
Traceback (most recent call last):
  File "C:\Users\14173\Desktop\ML\projects\weatherTSF\main.py", line 17, in <module>
    df, date_time = getDataset()
  File "C:\Users\14173\Desktop\ML\projects\weatherTSF\src\weatherTSF\components\data_injection.py", line 39, in getDataset
    with zipfile.ZipFile(zip_path, 'r') as zip_ref:
  File "C:\Users\14173\AppData\Local\Programs\Python\Python310\lib\zipfile.py", line 1267, in __init__
    self._RealGetContents()
  File "C:\Users\14173\AppData\Local\Programs\Python\Python310\lib\zipfile.py", line 1334, in _RealGetContents
    raise BadZipFile("File is not a zip file")
zipfile.BadZipFile: File is not a zip file
[2024-08-21 20:20:15,529: WARNING: module_wrapper: From C:\Users\14173\AppData\Roaming\Python\Python310\site-packages\keras\src\losses.py:2976: The name tf.losses.sparse_softmax_cross_entropy is deprecated. Please use tf.compat.v1.losses.sparse_softmax_cross_entropy instead.
]
[2024-08-21 20:20:17,469: INFO: main: >>>>>> stage DATA_INJECTION started <<<<<<]
[2024-08-21 20:20:17,472: ERROR: main: File is not a zip file]
Traceback (most recent call last):
  File "C:\Users\14173\Desktop\ML\projects\weatherTSF\main.py", line 17, in <module>
    df, date_time = getDataset()
  File "C:\Users\14173\Desktop\ML\projects\weatherTSF\src\weatherTSF\components\data_injection.py", line 39, in getDataset
    with zipfile.ZipFile(zip_path, 'r') as zip_ref:
  File "C:\Users\14173\AppData\Local\Programs\Python\Python310\lib\zipfile.py", line 1267, in __init__
    self._RealGetContents()
  File "C:\Users\14173\AppData\Local\Programs\Python\Python310\lib\zipfile.py", line 1334, in _RealGetContents
    raise BadZipFile("File is not a zip file")
zipfile.BadZipFile: File is not a zip file
[2024-08-21 20:23:16,347: WARNING: module_wrapper: From C:\Users\14173\AppData\Roaming\Python\Python310\site-packages\keras\src\losses.py:2976: The name tf.losses.sparse_softmax_cross_entropy is deprecated. Please use tf.compat.v1.losses.sparse_softmax_cross_entropy instead.
]
[2024-08-21 20:23:18,414: INFO: main: >>>>>> stage DATA_INJECTION started <<<<<<]
[2024-08-21 20:23:18,416: ERROR: main: File is not a zip file]
Traceback (most recent call last):
  File "C:\Users\14173\Desktop\ML\projects\weatherTSF\main.py", line 17, in <module>
    df, date_time = getDataset()
  File "C:\Users\14173\Desktop\ML\projects\weatherTSF\src\weatherTSF\components\data_injection.py", line 39, in getDataset
    with zipfile.ZipFile(zip_path, 'r') as zip_ref:
  File "C:\Users\14173\AppData\Local\Programs\Python\Python310\lib\zipfile.py", line 1267, in __init__
    self._RealGetContents()
  File "C:\Users\14173\AppData\Local\Programs\Python\Python310\lib\zipfile.py", line 1334, in _RealGetContents
    raise BadZipFile("File is not a zip file")
zipfile.BadZipFile: File is not a zip file
[2024-08-21 20:24:41,301: WARNING: module_wrapper: From C:\Users\14173\AppData\Roaming\Python\Python310\site-packages\keras\src\losses.py:2976: The name tf.losses.sparse_softmax_cross_entropy is deprecated. Please use tf.compat.v1.losses.sparse_softmax_cross_entropy instead.
]
[2024-08-21 20:24:43,234: INFO: main: >>>>>> stage DATA_INJECTION started <<<<<<]
[2024-08-21 20:32:56,425: INFO: main: >>>>>> stage DATA_INJECTION completed <<<<<<

x==========x]
[2024-08-21 20:32:56,437: INFO: main: >>>>>> stage PRETRAIN_MODEL started <<<<<<]
[2024-08-21 20:32:56,521: INFO: main: >>>>>> stage PRETRAIN_MODEL completed <<<<<<

x==========x]
[2024-08-21 20:32:56,522: INFO: main: >>>>>> stage DATA_WINDOWING started <<<<<<]
[2024-08-21 20:32:56,523: INFO: main: >>>>>> stage DATA_WINDOWING completed <<<<<<

x==========x]
[2024-08-21 20:32:56,525: INFO: main: >>>>>> stage SINGLE_STEP_MODELS started <<<<<<]
[2024-08-21 20:32:56,983: WARNING: module_wrapper: From C:\Users\14173\AppData\Roaming\Python\Python310\site-packages\keras\src\layers\rnn\lstm.py:148: The name tf.executing_eagerly_outside_functions is deprecated. Please use tf.compat.v1.executing_eagerly_outside_functions instead.
]
[2024-08-21 20:32:59,837: WARNING: module_wrapper: From C:\Users\14173\AppData\Roaming\Python\Python310\site-packages\keras\src\utils\tf_utils.py:492: The name tf.ragged.RaggedTensorValue is deprecated. Please use tf.compat.v1.ragged.RaggedTensorValue instead.
]
[2024-08-21 20:40:02,373: INFO: builder_impl: Assets written to: ./src/weatherTSF/models/lstm\assets]
[2024-08-21 20:40:02,497: INFO: main: >>>>>> stage SINGLE_STEP_MODELS completed <<<<<<

x==========x]
[2024-10-01 23:53:05,279: INFO: main: >>>>>> stage DATA_INGESTION started <<<<<<]
[2024-10-01 23:53:20,471: ERROR: main: [WinError 32] 另一个程序正在使用此文件，进程无法访问。: 'C:\\Users\\14173\\.keras\\datasets\\jena_climate_2009_2016.csv.zip']
Traceback (most recent call last):
  File "C:\Users\14173\Desktop\ML\projects\weatherTSF\main.py", line 19, in <module>
    df, date_time = getDataset()
  File "C:\Users\14173\Desktop\ML\projects\weatherTSF\src\weatherTSF\components\data_ingestion.py", line 40, in getDataset
    os.remove(zip_path)
PermissionError: [WinError 32] 另一个程序正在使用此文件，进程无法访问。: 'C:\\Users\\14173\\.keras\\datasets\\jena_climate_2009_2016.csv.zip'
[2024-10-01 23:55:35,451: INFO: main: >>>>>> stage DATA_INGESTION started <<<<<<]
[2024-10-01 23:55:35,455: ERROR: main: [WinError 32] 另一个程序正在使用此文件，进程无法访问。: 'C:\\Users\\14173\\.keras\\datasets\\jena_climate_2009_2016.csv.zip']
Traceback (most recent call last):
  File "C:\Users\14173\Desktop\ML\projects\weatherTSF\main.py", line 19, in <module>
    df, date_time = getDataset()
  File "C:\Users\14173\Desktop\ML\projects\weatherTSF\src\weatherTSF\components\data_ingestion.py", line 40, in getDataset
    os.remove(zip_path)
PermissionError: [WinError 32] 另一个程序正在使用此文件，进程无法访问。: 'C:\\Users\\14173\\.keras\\datasets\\jena_climate_2009_2016.csv.zip'
[2024-10-01 23:55:50,433: INFO: main: >>>>>> stage DATA_INGESTION started <<<<<<]
[2024-10-01 23:56:05,587: ERROR: main: [WinError 32] 另一个程序正在使用此文件，进程无法访问。: 'C:\\Users\\14173\\.keras\\datasets\\jena_climate_2009_2016.csv.zip']
Traceback (most recent call last):
  File "C:\Users\14173\Desktop\ML\projects\weatherTSF\main.py", line 19, in <module>
    df, date_time = getDataset()
  File "C:\Users\14173\Desktop\ML\projects\weatherTSF\src\weatherTSF\components\data_ingestion.py", line 40, in getDataset
    os.remove(zip_path)
PermissionError: [WinError 32] 另一个程序正在使用此文件，进程无法访问。: 'C:\\Users\\14173\\.keras\\datasets\\jena_climate_2009_2016.csv.zip'
[2024-10-02 00:04:11,376: INFO: main: >>>>>> stage DATA_INGESTION started <<<<<<]
[2024-10-02 00:04:11,484: ERROR: main: [Errno 2] No such file or directory: 'C:\\Users\\14173\\.keras\\datasets\\jena_climate_2009_2016.csv.zip']
Traceback (most recent call last):
  File "C:\Users\14173\Desktop\ML\projects\weatherTSF\main.py", line 19, in <module>
    df, date_time = getDataset()
  File "C:\Users\14173\Desktop\ML\projects\weatherTSF\src\weatherTSF\components\data_ingestion.py", line 41, in getDataset
    with zipfile.ZipFile(zip_path, 'r') as zip_ref:
  File "C:\Users\14173\miniconda3\envs\weather-tsf\lib\zipfile.py", line 1247, in __init__
    self.fp = io.open(file, filemode)
FileNotFoundError: [Errno 2] No such file or directory: 'C:\\Users\\14173\\.keras\\datasets\\jena_climate_2009_2016.csv.zip'
[2024-10-02 00:04:47,193: INFO: main: >>>>>> stage DATA_INGESTION started <<<<<<]
[2024-10-02 00:05:04,969: ERROR: main: [Errno 2] No such file or directory: 'C:\\Users\\14173\\.keras\\datasets\\jena_climate_2009_2016.csv.zip']
Traceback (most recent call last):
  File "C:\Users\14173\Desktop\ML\projects\weatherTSF\main.py", line 19, in <module>
    df, date_time = getDataset()
  File "C:\Users\14173\Desktop\ML\projects\weatherTSF\src\weatherTSF\components\data_ingestion.py", line 41, in getDataset
    with zipfile.ZipFile(zip_path, 'r') as zip_ref:
  File "C:\Users\14173\miniconda3\envs\weather-tsf\lib\zipfile.py", line 1247, in __init__
    self.fp = io.open(file, filemode)
FileNotFoundError: [Errno 2] No such file or directory: 'C:\\Users\\14173\\.keras\\datasets\\jena_climate_2009_2016.csv.zip'
[2024-10-02 00:08:01,136: INFO: main: >>>>>> stage DATA_INGESTION started <<<<<<]
[2024-10-02 00:08:17,190: ERROR: main: [WinError 32] 另一个程序正在使用此文件，进程无法访问。: 'C:\\Users\\14173\\.keras\\datasets\\jena_climate_2009_2016.csv.zip']
Traceback (most recent call last):
  File "C:\Users\14173\Desktop\ML\projects\weatherTSF\main.py", line 19, in <module>
    df, date_time = getDataset()
  File "C:\Users\14173\Desktop\ML\projects\weatherTSF\src\weatherTSF\components\data_ingestion.py", line 41, in getDataset
    os.remove(zip_path)
PermissionError: [WinError 32] 另一个程序正在使用此文件，进程无法访问。: 'C:\\Users\\14173\\.keras\\datasets\\jena_climate_2009_2016.csv.zip'
[2024-10-02 00:08:45,275: INFO: main: >>>>>> stage DATA_INGESTION started <<<<<<]
[2024-10-02 00:08:47,682: INFO: main: >>>>>> stage DATA_INGESTION completed <<<<<<

x==========x]
[2024-10-02 00:08:47,684: INFO: main: >>>>>> stage PRETRAIN_MODEL started <<<<<<]
[2024-10-02 00:08:47,744: INFO: main: >>>>>> stage PRETRAIN_MODEL completed <<<<<<

x==========x]
[2024-10-02 00:08:47,745: INFO: main: >>>>>> stage DATA_WINDOWING started <<<<<<]
[2024-10-02 00:08:47,747: INFO: main: >>>>>> stage DATA_WINDOWING completed <<<<<<

x==========x]
[2024-10-02 00:08:47,749: INFO: main: >>>>>> stage SINGLE_STEP_MODELS started <<<<<<]
[2024-10-02 00:12:56,358: INFO: main: >>>>>> stage SINGLE_STEP_MODELS completed <<<<<<

x==========x]
[2024-10-02 00:12:56,359: INFO: main: >>>>>> stage MODEL_EVALUATE started <<<<<<]
[2024-10-02 00:12:56,385: ERROR: main: WindowGenerator.__init__() missing 3 required positional arguments: 'train_df', 'val_df', and 'test_df']
Traceback (most recent call last):
  File "C:\Users\14173\Desktop\ML\projects\weatherTSF\main.py", line 56, in <module>
    Baseline_Evaluate(df=df)
  File "C:\Users\14173\Desktop\ML\projects\weatherTSF\src\weatherTSF\components\evalute_model.py", line 24, in Baseline_Evaluate
    single_step_window = WindowGenerator(
TypeError: WindowGenerator.__init__() missing 3 required positional arguments: 'train_df', 'val_df', and 'test_df'
[2024-10-02 00:14:24,266: INFO: main: >>>>>> stage DATA_INGESTION started <<<<<<]
[2024-10-02 00:14:46,034: INFO: main: >>>>>> stage DATA_INGESTION completed <<<<<<

x==========x]
[2024-10-02 00:14:46,037: INFO: main: >>>>>> stage PRETRAIN_MODEL started <<<<<<]
[2024-10-02 00:14:46,112: INFO: main: >>>>>> stage PRETRAIN_MODEL completed <<<<<<

x==========x]
[2024-10-02 00:14:46,113: INFO: main: >>>>>> stage DATA_WINDOWING started <<<<<<]
[2024-10-02 00:14:46,116: INFO: main: >>>>>> stage DATA_WINDOWING completed <<<<<<

x==========x]
[2024-10-02 00:14:46,118: INFO: main: >>>>>> stage SINGLE_STEP_MODELS started <<<<<<]
[2024-10-02 00:47:30,528: INFO: main: >>>>>> stage DATA_INGESTION started <<<<<<]
[2024-10-02 00:47:47,681: INFO: main: >>>>>> stage DATA_INGESTION completed <<<<<<

x==========x]
[2024-10-02 00:47:47,681: INFO: main: >>>>>> stage PRETRAIN_MODEL started <<<<<<]
[2024-10-02 00:47:47,742: INFO: main: >>>>>> stage PRETRAIN_MODEL completed <<<<<<

x==========x]
[2024-10-02 00:47:47,742: INFO: main: >>>>>> stage DATA_WINDOWING started <<<<<<]
[2024-10-02 00:47:47,746: INFO: main: >>>>>> stage DATA_WINDOWING completed <<<<<<

x==========x]
[2024-10-02 00:47:47,748: INFO: main: >>>>>> stage SINGLE_STEP_MODELS started <<<<<<]
[2024-10-02 00:51:20,975: INFO: main: >>>>>> stage SINGLE_STEP_MODELS completed <<<<<<

x==========x]
[2024-10-02 00:51:20,975: INFO: main: >>>>>> stage MODEL_EVALUATE started <<<<<<]
[2024-10-02 00:51:20,976: ERROR: main: Baseline_Evaluate() missing 3 required positional arguments: 'train_df', 'val_df', and 'test_df']
Traceback (most recent call last):
  File "C:\Users\14173\Desktop\ML\projects\weatherTSF\main.py", line 56, in <module>
    Baseline_Evaluate(df=df)
TypeError: Baseline_Evaluate() missing 3 required positional arguments: 'train_df', 'val_df', and 'test_df'
[2024-10-02 01:09:41,345: INFO: main: >>>>>> stage DATA_INGESTION started <<<<<<]
[2024-10-02 01:09:59,188: INFO: main: >>>>>> stage DATA_INGESTION completed <<<<<<

x==========x]
[2024-10-02 01:09:59,190: INFO: main: >>>>>> stage PRETRAIN_MODEL started <<<<<<]
[2024-10-02 01:09:59,293: INFO: main: >>>>>> stage PRETRAIN_MODEL completed <<<<<<

x==========x]
[2024-10-02 01:09:59,314: INFO: main: >>>>>> stage DATA_WINDOWING started <<<<<<]
[2024-10-02 01:09:59,329: INFO: main: >>>>>> stage DATA_WINDOWING completed <<<<<<

x==========x]
[2024-10-02 01:09:59,331: INFO: main: >>>>>> stage SINGLE_STEP_MODELS started <<<<<<]
[2024-10-02 01:15:15,907: INFO: main: >>>>>> stage SINGLE_STEP_MODELS completed <<<<<<

x==========x]
[2024-10-02 01:15:15,913: INFO: main: >>>>>> stage MODEL_EVALUATE started <<<<<<]
[2024-10-02 01:15:17,828: ERROR: main: 'WindowGenerator' object has no attribute 'plot']
Traceback (most recent call last):
  File "C:\Users\14173\Desktop\ML\projects\weatherTSF\main.py", line 56, in <module>
    Baseline_Evaluate(df=df,train_df=train_df,val_df=val_df,test_df=test_df)
  File "C:\Users\14173\Desktop\ML\projects\weatherTSF\src\weatherTSF\components\evalute_model.py", line 39, in Baseline_Evaluate
    wide_window.plot(baseline)
AttributeError: 'WindowGenerator' object has no attribute 'plot'
[2024-10-02 01:59:23,015: INFO: main: >>>>>> stage DATA_INGESTION started <<<<<<]
[2024-10-02 01:59:40,201: INFO: main: >>>>>> stage DATA_INGESTION completed <<<<<<

x==========x]
[2024-10-02 01:59:40,202: INFO: main: >>>>>> stage PRETRAIN_MODEL started <<<<<<]
[2024-10-02 01:59:40,261: INFO: main: >>>>>> stage PRETRAIN_MODEL completed <<<<<<

x==========x]
[2024-10-02 01:59:40,262: INFO: main: >>>>>> stage DATA_WINDOWING started <<<<<<]
[2024-10-02 01:59:40,264: INFO: main: >>>>>> stage DATA_WINDOWING completed <<<<<<

x==========x]
[2024-10-02 01:59:40,267: INFO: main: >>>>>> stage SINGLE_STEP_MODELS started <<<<<<]
[2024-10-02 02:04:19,701: INFO: main: >>>>>> stage DATA_INGESTION started <<<<<<]
[2024-10-02 02:04:38,885: INFO: main: >>>>>> stage DATA_INGESTION completed <<<<<<

x==========x]
[2024-10-02 02:04:38,885: INFO: main: >>>>>> stage PRETRAIN_MODEL started <<<<<<]
[2024-10-02 02:04:38,949: INFO: main: >>>>>> stage PRETRAIN_MODEL completed <<<<<<

x==========x]
[2024-10-02 02:04:38,952: INFO: main: >>>>>> stage MODEL_EVALUATE started <<<<<<]
[2024-10-02 02:04:42,478: INFO: main: >>>>>> stage MODEL_EVALUATE completed <<<<<<

x==========x]
[2024-10-02 02:06:45,548: INFO: main: >>>>>> stage DATA_INGESTION started <<<<<<]
[2024-10-02 02:07:02,622: INFO: main: >>>>>> stage DATA_INGESTION completed <<<<<<

x==========x]
[2024-10-02 02:07:02,622: INFO: main: >>>>>> stage PRETRAIN_MODEL started <<<<<<]
[2024-10-02 02:07:02,690: INFO: main: >>>>>> stage PRETRAIN_MODEL completed <<<<<<

x==========x]
[2024-10-02 02:07:02,692: INFO: main: >>>>>> stage MODEL_EVALUATE started <<<<<<]
[2024-10-02 02:07:06,137: INFO: main: >>>>>> stage MODEL_EVALUATE completed <<<<<<

x==========x]
[2024-10-02 02:09:57,236: INFO: main: >>>>>> stage DATA_INGESTION started <<<<<<]
[2024-10-02 02:10:14,334: INFO: main: >>>>>> stage DATA_INGESTION completed <<<<<<

x==========x]
[2024-10-02 02:10:14,334: INFO: main: >>>>>> stage PRETRAIN_MODEL started <<<<<<]
[2024-10-02 02:10:14,397: INFO: main: >>>>>> stage PRETRAIN_MODEL completed <<<<<<

x==========x]
[2024-10-02 02:10:14,398: INFO: main: >>>>>> stage MODEL_EVALUATE started <<<<<<]
[2024-10-02 02:10:24,721: INFO: main: >>>>>> stage MODEL_EVALUATE completed <<<<<<

x==========x]
[2024-10-02 02:20:08,602: INFO: main: >>>>>> stage DATA_INGESTION started <<<<<<]
[2024-10-02 02:20:25,679: INFO: main: >>>>>> stage DATA_INGESTION completed <<<<<<

x==========x]
[2024-10-02 02:20:25,679: INFO: main: >>>>>> stage PRETRAIN_MODEL started <<<<<<]
[2024-10-02 02:20:25,737: INFO: main: >>>>>> stage PRETRAIN_MODEL completed <<<<<<

x==========x]
[2024-10-02 02:20:25,738: INFO: main: >>>>>> stage MODEL_EVALUATE started <<<<<<]
[2024-10-02 02:20:32,612: INFO: main: >>>>>> stage MODEL_EVALUATE completed <<<<<<

x==========x]
[2024-10-02 02:29:44,803: INFO: main: >>>>>> stage DATA_INGESTION started <<<<<<]
[2024-10-02 02:30:02,169: INFO: main: >>>>>> stage DATA_INGESTION completed <<<<<<

x==========x]
[2024-10-02 02:30:02,170: INFO: main: >>>>>> stage PRETRAIN_MODEL started <<<<<<]
[2024-10-02 02:30:02,222: INFO: main: >>>>>> stage PRETRAIN_MODEL completed <<<<<<

x==========x]
[2024-10-02 02:30:02,223: INFO: main: >>>>>> stage MODEL_EVALUATE started <<<<<<]
[2024-10-02 02:30:04,441: ERROR: main: File not found: filepath=../models/weatherTSF.keras. Please ensure the file is an accessible `.keras` zip file.]
Traceback (most recent call last):
  File "C:\Users\14173\Desktop\ML\projects\weatherTSF\main.py", line 59, in <module>
    Baseline_Evaluate(df=df,train_df=train_df,val_df=val_df,test_df=test_df)
  File "C:\Users\14173\Desktop\ML\projects\weatherTSF\src\weatherTSF\components\evalute_model.py", line 45, in Baseline_Evaluate
    loaded_model = tf.keras.models.load_model(model_path)
  File "C:\Users\14173\miniconda3\envs\weather-tsf\lib\site-packages\keras\src\saving\saving_api.py", line 198, in load_model
    raise ValueError(
ValueError: File not found: filepath=../models/weatherTSF.keras. Please ensure the file is an accessible `.keras` zip file.
[2024-10-02 02:36:06,620: INFO: main: >>>>>> stage DATA_INGESTION started <<<<<<]
[2024-10-02 02:36:23,803: INFO: main: >>>>>> stage DATA_INGESTION completed <<<<<<

x==========x]
[2024-10-02 02:36:23,804: INFO: main: >>>>>> stage PRETRAIN_MODEL started <<<<<<]
[2024-10-02 02:36:23,870: INFO: main: >>>>>> stage PRETRAIN_MODEL completed <<<<<<

x==========x]
[2024-10-02 02:36:23,873: INFO: main: >>>>>> stage MODEL_EVALUATE started <<<<<<]
[2024-10-02 02:36:26,014: ERROR: main: File not found: filepath=../../models/weatherTSF.keras. Please ensure the file is an accessible `.keras` zip file.]
Traceback (most recent call last):
  File "C:\Users\14173\Desktop\ML\projects\weatherTSF\main.py", line 59, in <module>
    Baseline_Evaluate(df=df,train_df=train_df,val_df=val_df,test_df=test_df)
  File "C:\Users\14173\Desktop\ML\projects\weatherTSF\src\weatherTSF\components\evalute_model.py", line 45, in Baseline_Evaluate
    loaded_model = tf.keras.models.load_model(model_path)
  File "C:\Users\14173\miniconda3\envs\weather-tsf\lib\site-packages\keras\src\saving\saving_api.py", line 198, in load_model
    raise ValueError(
ValueError: File not found: filepath=../../models/weatherTSF.keras. Please ensure the file is an accessible `.keras` zip file.
[2024-10-02 02:59:09,248: INFO: main: >>>>>> stage DATA_INGESTION started <<<<<<]
[2024-10-02 02:59:34,361: ERROR: main: URL fetch failure on https://storage.googleapis.com/tensorflow/tf-keras-datasets/jena_climate_2009_2016.csv.zip: None -- retrieval incomplete: got only 13147567 out of 13568290 bytes]
Traceback (most recent call last):
  File "C:\Users\14173\miniconda3\envs\weather-tsf\lib\site-packages\keras\src\utils\file_utils.py", line 291, in get_file
    urlretrieve(origin, fpath, DLProgbar())
  File "C:\Users\14173\miniconda3\envs\weather-tsf\lib\urllib\request.py", line 280, in urlretrieve
    raise ContentTooShortError(
urllib.error.ContentTooShortError: <urlopen error retrieval incomplete: got only 13147567 out of 13568290 bytes>

During handling of the above exception, another exception occurred:

Traceback (most recent call last):
  File "C:\Users\14173\Desktop\ML\projects\weatherTSF\main.py", line 19, in <module>
    df, date_time = getDataset()
  File "C:\Users\14173\Desktop\ML\projects\weatherTSF\src\weatherTSF\components\data_ingestion.py", line 30, in getDataset
    zip_path = tf.keras.utils.get_file(
  File "C:\Users\14173\miniconda3\envs\weather-tsf\lib\site-packages\keras\src\utils\file_utils.py", line 295, in get_file
    raise Exception(error_msg.format(origin, e.errno, e.reason))
Exception: URL fetch failure on https://storage.googleapis.com/tensorflow/tf-keras-datasets/jena_climate_2009_2016.csv.zip: None -- retrieval incomplete: got only 13147567 out of 13568290 bytes
[2024-10-02 03:00:05,837: INFO: main: >>>>>> stage DATA_INGESTION started <<<<<<]
[2024-10-02 03:00:27,096: INFO: main: >>>>>> stage DATA_INGESTION completed <<<<<<

x==========x]
[2024-10-02 03:00:27,097: INFO: main: >>>>>> stage PRETRAIN_MODEL started <<<<<<]
[2024-10-02 03:00:27,163: INFO: main: >>>>>> stage PRETRAIN_MODEL completed <<<<<<

x==========x]
[2024-10-02 03:00:27,166: INFO: main: >>>>>> stage MODEL_EVALUATE started <<<<<<]
[2024-10-02 03:00:42,582: INFO: main: >>>>>> stage MODEL_EVALUATE completed <<<<<<

x==========x]
[2024-10-02 03:01:46,277: INFO: main: >>>>>> stage DATA_INGESTION started <<<<<<]
[2024-10-02 03:02:02,907: INFO: main: >>>>>> stage DATA_INGESTION completed <<<<<<

x==========x]
[2024-10-02 03:02:02,907: INFO: main: >>>>>> stage PRETRAIN_MODEL started <<<<<<]
[2024-10-02 03:02:02,971: INFO: main: >>>>>> stage PRETRAIN_MODEL completed <<<<<<

x==========x]
[2024-10-02 03:02:02,974: INFO: main: >>>>>> stage MODEL_EVALUATE started <<<<<<]
[2024-10-02 03:02:16,050: INFO: main: >>>>>> stage MODEL_EVALUATE completed <<<<<<

x==========x]
[2024-10-02 03:02:34,335: INFO: main: >>>>>> stage DATA_INGESTION started <<<<<<]
[2024-10-02 03:03:34,117: INFO: main: >>>>>> stage DATA_INGESTION started <<<<<<]
[2024-10-02 03:03:57,339: INFO: main: >>>>>> stage DATA_INGESTION completed <<<<<<

x==========x]
[2024-10-02 03:03:57,340: INFO: main: >>>>>> stage PRETRAIN_MODEL started <<<<<<]
[2024-10-02 03:03:57,397: INFO: main: >>>>>> stage PRETRAIN_MODEL completed <<<<<<

x==========x]
[2024-10-02 03:03:57,397: INFO: main: >>>>>> stage MODEL_EVALUATE started <<<<<<]
[2024-10-02 03:04:11,746: INFO: main: >>>>>> stage MODEL_EVALUATE completed <<<<<<

x==========x]
[2024-10-02 16:29:16,023: INFO: main: >>>>>> stage DATA_INGESTION started <<<<<<]
[2024-10-02 16:29:32,770: INFO: main: >>>>>> stage DATA_INGESTION completed <<<<<<

x==========x]
[2024-10-02 16:29:32,774: INFO: main: >>>>>> stage PRETRAIN_MODEL started <<<<<<]
[2024-10-02 16:29:32,840: INFO: main: >>>>>> stage PRETRAIN_MODEL completed <<<<<<

x==========x]
[2024-10-02 16:29:32,842: INFO: main: >>>>>> stage DATA_WINDOWING started <<<<<<]
[2024-10-02 16:29:32,843: INFO: main: >>>>>> stage DATA_WINDOWING completed <<<<<<

x==========x]
[2024-10-02 16:29:32,843: INFO: main: >>>>>> stage SINGLE_STEP_MODELS started <<<<<<]
[2024-10-02 16:30:59,356: INFO: main: >>>>>> stage SINGLE_STEP_MODELS completed <<<<<<

x==========x]
[2024-10-02 16:30:59,356: INFO: main: >>>>>> stage MODEL_EVALUATE started <<<<<<]
[2024-10-02 16:31:00,736: ERROR: main: {{function_node __wrapped__StridedSlice_device_/job:localhost/replica:0/task:0/device:CPU:0}} slice index 1 of dimension 2 out of bounds. [Op:StridedSlice] name: strided_slice/]
Traceback (most recent call last):
  File "C:\Users\14173\Desktop\ML\projects\weatherTSF\main.py", line 60, in <module>
    wide_window.plot(model=loaded_model)
  File "C:\Users\14173\Desktop\ML\projects\weatherTSF\src\weatherTSF\components\data_windowing.py", line 89, in plot
    plt.scatter(self.label_indices, predictions[n, :, label_col_index],
  File "C:\Users\14173\miniconda3\envs\weather-tsf\lib\site-packages\tensorflow\python\util\traceback_utils.py", line 153, in error_handler
    raise e.with_traceback(filtered_tb) from None
  File "C:\Users\14173\miniconda3\envs\weather-tsf\lib\site-packages\tensorflow\python\framework\ops.py", line 5983, in raise_from_not_ok_status
    raise core._status_to_exception(e) from None  # pylint: disable=protected-access
tensorflow.python.framework.errors_impl.InvalidArgumentError: {{function_node __wrapped__StridedSlice_device_/job:localhost/replica:0/task:0/device:CPU:0}} slice index 1 of dimension 2 out of bounds. [Op:StridedSlice] name: strided_slice/
[2024-10-02 16:57:29,558: INFO: main: >>>>>> stage DATA_INGESTION started <<<<<<]
[2024-10-02 16:57:46,044: INFO: main: >>>>>> stage DATA_INGESTION completed <<<<<<

x==========x]
[2024-10-02 16:57:46,044: INFO: main: >>>>>> stage PRETRAIN_MODEL started <<<<<<]
[2024-10-02 16:57:46,106: INFO: main: >>>>>> stage PRETRAIN_MODEL completed <<<<<<

x==========x]
[2024-10-02 16:57:46,126: INFO: main: >>>>>> stage MODEL_EVALUATE started <<<<<<]
[2024-10-02 16:57:50,217: ERROR: main: 'Baseline' object is not subscriptable]
Traceback (most recent call last):
  File "C:\Users\14173\Desktop\ML\projects\weatherTSF\main.py", line 61, in <module>
    Baseline_Evaluate(df=df,train_df=train_df,val_df=val_df,test_df=test_df)
  File "C:\Users\14173\Desktop\ML\projects\weatherTSF\src\weatherTSF\components\evalute_model.py", line 48, in Baseline_Evaluate
    wide_window.plot(model=Baseline)
  File "C:\Users\14173\Desktop\ML\projects\weatherTSF\src\weatherTSF\components\data_windowing.py", line 89, in plot
    plt.scatter(self.label_indices, predictions[n, :, label_col_index],
TypeError: 'Baseline' object is not subscriptable
[2024-10-02 16:58:34,962: INFO: main: >>>>>> stage DATA_INGESTION started <<<<<<]
[2024-10-02 16:58:51,153: INFO: main: >>>>>> stage DATA_INGESTION completed <<<<<<

x==========x]
[2024-10-02 16:58:51,154: INFO: main: >>>>>> stage PRETRAIN_MODEL started <<<<<<]
[2024-10-02 16:58:51,215: INFO: main: >>>>>> stage PRETRAIN_MODEL completed <<<<<<

x==========x]
[2024-10-02 16:58:51,215: INFO: main: >>>>>> stage MODEL_EVALUATE started <<<<<<]
[2024-10-02 16:58:55,110: ERROR: main: 'Baseline' object is not subscriptable]
Traceback (most recent call last):
  File "C:\Users\14173\Desktop\ML\projects\weatherTSF\main.py", line 61, in <module>
    Baseline_Evaluate(df=df,train_df=train_df,val_df=val_df,test_df=test_df)
  File "C:\Users\14173\Desktop\ML\projects\weatherTSF\src\weatherTSF\components\evalute_model.py", line 48, in Baseline_Evaluate
    wide_window.plot(model=Baseline)
  File "C:\Users\14173\Desktop\ML\projects\weatherTSF\src\weatherTSF\components\data_windowing.py", line 89, in plot
    plt.scatter(self.label_indices, predictions[n, :, label_col_index],
TypeError: 'Baseline' object is not subscriptable
[2024-10-02 16:59:39,878: INFO: main: >>>>>> stage DATA_INGESTION started <<<<<<]
[2024-10-02 17:00:23,898: INFO: main: >>>>>> stage DATA_INGESTION completed <<<<<<

x==========x]
[2024-10-02 17:00:23,899: INFO: main: >>>>>> stage PRETRAIN_MODEL started <<<<<<]
[2024-10-02 17:00:23,965: INFO: main: >>>>>> stage PRETRAIN_MODEL completed <<<<<<

x==========x]
[2024-10-02 17:00:23,965: INFO: main: >>>>>> stage MODEL_EVALUATE started <<<<<<]
[2024-10-02 17:00:27,564: ERROR: main: 'Baseline' object is not subscriptable]
Traceback (most recent call last):
  File "C:\Users\14173\Desktop\ML\projects\weatherTSF\main.py", line 61, in <module>
    Baseline_Evaluate(df=df,train_df=train_df,val_df=val_df,test_df=test_df)
  File "C:\Users\14173\Desktop\ML\projects\weatherTSF\src\weatherTSF\components\evalute_model.py", line 48, in Baseline_Evaluate
    wide_window.plot(Baseline)
  File "C:\Users\14173\Desktop\ML\projects\weatherTSF\src\weatherTSF\components\data_windowing.py", line 89, in plot
    plt.scatter(self.label_indices, predictions[n, :, label_col_index],
TypeError: 'Baseline' object is not subscriptable
[2024-10-02 17:02:52,451: INFO: main: >>>>>> stage DATA_INGESTION started <<<<<<]
[2024-10-02 17:03:06,196: ERROR: main: URL fetch failure on https://storage.googleapis.com/tensorflow/tf-keras-datasets/jena_climate_2009_2016.csv.zip: None -- retrieval incomplete: got only 13250327 out of 13568290 bytes]
Traceback (most recent call last):
  File "C:\Users\14173\miniconda3\envs\weather-tsf\lib\site-packages\keras\src\utils\file_utils.py", line 291, in get_file
    urlretrieve(origin, fpath, DLProgbar())
  File "C:\Users\14173\miniconda3\envs\weather-tsf\lib\urllib\request.py", line 280, in urlretrieve
    raise ContentTooShortError(
urllib.error.ContentTooShortError: <urlopen error retrieval incomplete: got only 13250327 out of 13568290 bytes>

During handling of the above exception, another exception occurred:

Traceback (most recent call last):
  File "C:\Users\14173\Desktop\ML\projects\weatherTSF\main.py", line 19, in <module>
    df, date_time = getDataset()
  File "C:\Users\14173\Desktop\ML\projects\weatherTSF\src\weatherTSF\components\data_ingestion.py", line 30, in getDataset
    zip_path = tf.keras.utils.get_file(
  File "C:\Users\14173\miniconda3\envs\weather-tsf\lib\site-packages\keras\src\utils\file_utils.py", line 295, in get_file
    raise Exception(error_msg.format(origin, e.errno, e.reason))
Exception: URL fetch failure on https://storage.googleapis.com/tensorflow/tf-keras-datasets/jena_climate_2009_2016.csv.zip: None -- retrieval incomplete: got only 13250327 out of 13568290 bytes
[2024-10-02 17:03:21,488: INFO: main: >>>>>> stage DATA_INGESTION started <<<<<<]
[2024-10-02 17:03:44,813: INFO: main: >>>>>> stage DATA_INGESTION completed <<<<<<

x==========x]
[2024-10-02 17:03:44,814: INFO: main: >>>>>> stage PRETRAIN_MODEL started <<<<<<]
[2024-10-02 17:03:44,882: INFO: main: >>>>>> stage PRETRAIN_MODEL completed <<<<<<

x==========x]
[2024-10-02 17:03:44,884: INFO: main: >>>>>> stage MODEL_EVALUATE started <<<<<<]
[2024-10-02 17:04:00,610: INFO: main: >>>>>> stage MODEL_EVALUATE completed <<<<<<

x==========x]
[2024-10-02 17:04:25,640: INFO: main: >>>>>> stage DATA_INGESTION started <<<<<<]
[2024-10-02 17:04:41,910: INFO: main: >>>>>> stage DATA_INGESTION completed <<<<<<

x==========x]
[2024-10-02 17:04:41,911: INFO: main: >>>>>> stage PRETRAIN_MODEL started <<<<<<]
[2024-10-02 17:04:41,974: INFO: main: >>>>>> stage PRETRAIN_MODEL completed <<<<<<

x==========x]
[2024-10-02 17:04:41,975: INFO: main: >>>>>> stage MODEL_EVALUATE started <<<<<<]
[2024-10-02 17:04:53,380: INFO: main: >>>>>> stage MODEL_EVALUATE completed <<<<<<

x==========x]
[2024-10-02 17:05:10,258: INFO: main: >>>>>> stage DATA_INGESTION started <<<<<<]
[2024-10-02 17:05:25,281: INFO: main: >>>>>> stage DATA_INGESTION completed <<<<<<

x==========x]
[2024-10-02 17:05:25,283: INFO: main: >>>>>> stage PRETRAIN_MODEL started <<<<<<]
[2024-10-02 17:05:25,350: INFO: main: >>>>>> stage PRETRAIN_MODEL completed <<<<<<

x==========x]
[2024-10-02 17:05:25,353: INFO: main: >>>>>> stage MODEL_EVALUATE started <<<<<<]
[2024-10-02 17:05:28,933: ERROR: main: x and y must be the same size]
Traceback (most recent call last):
  File "C:\Users\14173\Desktop\ML\projects\weatherTSF\main.py", line 61, in <module>
    Baseline_Evaluate(df=df,train_df=train_df,val_df=val_df,test_df=test_df)
  File "C:\Users\14173\Desktop\ML\projects\weatherTSF\src\weatherTSF\components\evalute_model.py", line 48, in Baseline_Evaluate
    wide_window.plot(model=baseline)
  File "C:\Users\14173\Desktop\ML\projects\weatherTSF\src\weatherTSF\components\data_windowing.py", line 89, in plot
    plt.scatter(self.label_indices, predictions[n, :, label_col_index],
  File "C:\Users\14173\miniconda3\envs\weather-tsf\lib\site-packages\matplotlib\pyplot.py", line 2862, in scatter
    __ret = gca().scatter(
  File "C:\Users\14173\miniconda3\envs\weather-tsf\lib\site-packages\matplotlib\__init__.py", line 1459, in inner
    return func(ax, *map(sanitize_sequence, args), **kwargs)
  File "C:\Users\14173\miniconda3\envs\weather-tsf\lib\site-packages\matplotlib\axes\_axes.py", line 4584, in scatter
    raise ValueError("x and y must be the same size")
ValueError: x and y must be the same size
[2024-10-02 17:06:35,458: INFO: main: >>>>>> stage DATA_INGESTION started <<<<<<]
[2024-10-02 17:06:52,338: INFO: main: >>>>>> stage DATA_INGESTION completed <<<<<<

x==========x]
[2024-10-02 17:06:52,339: INFO: main: >>>>>> stage PRETRAIN_MODEL started <<<<<<]
[2024-10-02 17:06:52,411: INFO: main: >>>>>> stage PRETRAIN_MODEL completed <<<<<<

x==========x]
[2024-10-02 17:06:52,411: INFO: main: >>>>>> stage MODEL_EVALUATE started <<<<<<]
[2024-10-02 17:07:07,158: INFO: main: >>>>>> stage MODEL_EVALUATE completed <<<<<<

x==========x]
[2024-10-02 17:07:33,407: INFO: main: >>>>>> stage DATA_INGESTION started <<<<<<]
[2024-10-02 17:07:49,455: INFO: main: >>>>>> stage DATA_INGESTION completed <<<<<<

x==========x]
[2024-10-02 17:07:49,455: INFO: main: >>>>>> stage PRETRAIN_MODEL started <<<<<<]
[2024-10-02 17:07:49,518: INFO: main: >>>>>> stage PRETRAIN_MODEL completed <<<<<<

x==========x]
[2024-10-02 17:07:49,520: INFO: main: >>>>>> stage MODEL_EVALUATE started <<<<<<]
[2024-10-02 17:24:18,147: INFO: main: >>>>>> stage MODEL_EVALUATE completed <<<<<<

x==========x]
[2024-10-02 19:47:15,139: INFO: main: >>>>>> stage DATA_INGESTION started <<<<<<]
[2024-10-02 19:49:08,653: INFO: main: >>>>>> stage DATA_INGESTION started <<<<<<]
[2024-10-02 19:50:32,307: INFO: main: >>>>>> stage DATA_INGESTION completed <<<<<<

x==========x]
[2024-10-02 19:50:32,307: INFO: main: >>>>>> stage PRETRAIN_MODEL started <<<<<<]
[2024-10-02 19:50:32,382: INFO: main: >>>>>> stage PRETRAIN_MODEL completed <<<<<<

x==========x]
[2024-10-02 19:50:32,382: INFO: main: >>>>>> stage MODEL_EVALUATE started <<<<<<]
[2024-10-02 19:52:50,577: INFO: main: >>>>>> stage MODEL_EVALUATE completed <<<<<<

x==========x]
[2024-10-02 20:04:03,735: INFO: main: >>>>>> stage DATA_INGESTION started <<<<<<]
[2024-10-02 20:09:45,222: INFO: main: >>>>>> stage DATA_INGESTION started <<<<<<]
[2024-10-02 20:09:45,243: ERROR: main: File is not a zip file]
Traceback (most recent call last):
  File "C:\Users\14173\Desktop\ML\projects\weatherTSF\main.py", line 19, in <module>
    df, date_time = getDataset()
  File "C:\Users\14173\Desktop\ML\projects\weatherTSF\src\weatherTSF\components\data_ingestion.py", line 38, in getDataset
    with zipfile.ZipFile(zip_path, 'r') as zip_ref:
  File "C:\Users\14173\miniconda3\envs\weather-tsf\lib\zipfile.py", line 1265, in __init__
    self._RealGetContents()
  File "C:\Users\14173\miniconda3\envs\weather-tsf\lib\zipfile.py", line 1332, in _RealGetContents
    raise BadZipFile("File is not a zip file")
zipfile.BadZipFile: File is not a zip file
[2024-10-02 20:10:37,324: INFO: main: >>>>>> stage DATA_INGESTION started <<<<<<]
[2024-10-02 20:10:56,712: INFO: main: >>>>>> stage DATA_INGESTION completed <<<<<<

x==========x]
[2024-10-02 20:10:56,713: INFO: main: >>>>>> stage PRETRAIN_MODEL started <<<<<<]
[2024-10-02 20:10:56,787: INFO: main: >>>>>> stage PRETRAIN_MODEL completed <<<<<<

x==========x]
[2024-10-02 20:10:56,791: INFO: main: >>>>>> stage MODEL_EVALUATE started <<<<<<]
[2024-10-02 20:11:00,511: ERROR: main: x and y must be the same size]
Traceback (most recent call last):
  File "C:\Users\14173\Desktop\ML\projects\weatherTSF\main.py", line 61, in <module>
    Baseline_Evaluate(df=df,train_df=train_df,val_df=val_df,test_df=test_df)
  File "C:\Users\14173\Desktop\ML\projects\weatherTSF\src\weatherTSF\components\evalute_model.py", line 48, in Baseline_Evaluate
    wide_window.plot(model=baseline)
  File "C:\Users\14173\Desktop\ML\projects\weatherTSF\src\weatherTSF\components\data_windowing.py", line 85, in plot
    plt.scatter(self.label_indices, labels[n, :, :],
  File "C:\Users\14173\miniconda3\envs\weather-tsf\lib\site-packages\matplotlib\pyplot.py", line 2862, in scatter
    __ret = gca().scatter(
  File "C:\Users\14173\miniconda3\envs\weather-tsf\lib\site-packages\matplotlib\__init__.py", line 1459, in inner
    return func(ax, *map(sanitize_sequence, args), **kwargs)
  File "C:\Users\14173\miniconda3\envs\weather-tsf\lib\site-packages\matplotlib\axes\_axes.py", line 4584, in scatter
    raise ValueError("x and y must be the same size")
ValueError: x and y must be the same size
[2024-10-02 20:11:59,585: INFO: main: >>>>>> stage DATA_INGESTION started <<<<<<]
[2024-10-02 20:12:18,127: INFO: main: >>>>>> stage DATA_INGESTION completed <<<<<<

x==========x]
[2024-10-02 20:12:18,128: INFO: main: >>>>>> stage PRETRAIN_MODEL started <<<<<<]
[2024-10-02 20:12:18,202: INFO: main: >>>>>> stage PRETRAIN_MODEL completed <<<<<<

x==========x]
[2024-10-02 20:12:18,204: INFO: main: >>>>>> stage MODEL_EVALUATE started <<<<<<]
[2024-10-02 20:12:31,980: INFO: main: >>>>>> stage MODEL_EVALUATE completed <<<<<<

x==========x]
[2024-10-02 20:20:24,972: INFO: main: >>>>>> stage DATA_INGESTION started <<<<<<]
[2024-10-02 20:20:43,243: INFO: main: >>>>>> stage DATA_INGESTION completed <<<<<<

x==========x]
[2024-10-02 20:20:43,243: INFO: main: >>>>>> stage PRETRAIN_MODEL started <<<<<<]
[2024-10-02 20:20:43,311: INFO: main: >>>>>> stage PRETRAIN_MODEL completed <<<<<<

x==========x]
[2024-10-02 20:20:43,311: INFO: main: >>>>>> stage MODEL_EVALUATE started <<<<<<]
[2024-10-02 20:22:06,671: INFO: main: >>>>>> stage MODEL_EVALUATE completed <<<<<<

x==========x]
[2024-10-02 20:22:21,022: INFO: main: >>>>>> stage DATA_INGESTION started <<<<<<]
[2024-10-02 20:22:38,417: INFO: main: >>>>>> stage DATA_INGESTION completed <<<<<<

x==========x]
[2024-10-02 20:22:38,419: INFO: main: >>>>>> stage PRETRAIN_MODEL started <<<<<<]
[2024-10-02 20:22:38,486: INFO: main: >>>>>> stage PRETRAIN_MODEL completed <<<<<<

x==========x]
[2024-10-02 20:22:38,487: INFO: main: >>>>>> stage MODEL_EVALUATE started <<<<<<]
[2024-10-02 20:22:55,654: INFO: main: >>>>>> stage MODEL_EVALUATE completed <<<<<<

x==========x]
[2024-10-02 20:23:08,266: INFO: main: >>>>>> stage DATA_INGESTION started <<<<<<]
[2024-10-02 20:23:25,524: INFO: main: >>>>>> stage DATA_INGESTION completed <<<<<<

x==========x]
[2024-10-02 20:23:25,524: INFO: main: >>>>>> stage PRETRAIN_MODEL started <<<<<<]
[2024-10-02 20:23:25,587: INFO: main: >>>>>> stage PRETRAIN_MODEL completed <<<<<<

x==========x]
[2024-10-02 20:23:25,587: INFO: main: >>>>>> stage MODEL_EVALUATE started <<<<<<]
[2024-10-02 20:32:07,650: INFO: main: >>>>>> stage MODEL_EVALUATE completed <<<<<<

x==========x]
[2024-10-03 11:37:06,596: INFO: main: >>>>>> stage DATA_INGESTION started <<<<<<]
[2024-10-03 11:38:09,242: INFO: main: >>>>>> stage DATA_INGESTION started <<<<<<]
[2024-10-03 11:38:34,963: INFO: main: >>>>>> stage DATA_INGESTION completed <<<<<<

x==========x]
[2024-10-03 11:38:34,963: INFO: main: >>>>>> stage PRETRAIN_MODEL started <<<<<<]
[2024-10-03 11:38:35,036: INFO: main: >>>>>> stage PRETRAIN_MODEL completed <<<<<<

x==========x]
[2024-10-03 11:38:35,037: INFO: main: >>>>>> stage MODEL_EVALUATE started <<<<<<]
[2024-10-03 11:43:22,897: INFO: main: >>>>>> stage MODEL_EVALUATE completed <<<<<<

x==========x]
[2024-10-03 11:54:55,634: INFO: main: >>>>>> stage DATA_INGESTION started <<<<<<]
[2024-10-03 11:55:14,188: INFO: main: >>>>>> stage DATA_INGESTION completed <<<<<<

x==========x]
[2024-10-03 11:55:14,193: INFO: main: >>>>>> stage PRETRAIN_MODEL started <<<<<<]
[2024-10-03 11:55:14,266: INFO: main: >>>>>> stage PRETRAIN_MODEL completed <<<<<<

x==========x]
[2024-10-03 11:55:14,266: INFO: main: >>>>>> stage MODEL_EVALUATE started <<<<<<]
[2024-10-03 12:04:14,751: INFO: main: >>>>>> stage DATA_INGESTION started <<<<<<]
[2024-10-03 12:04:33,891: INFO: main: >>>>>> stage DATA_INGESTION completed <<<<<<

x==========x]
[2024-10-03 12:04:33,891: INFO: main: >>>>>> stage PRETRAIN_MODEL started <<<<<<]
[2024-10-03 12:04:33,957: INFO: main: >>>>>> stage PRETRAIN_MODEL completed <<<<<<

x==========x]
[2024-10-03 12:04:33,957: INFO: main: >>>>>> stage MODEL_EVALUATE started <<<<<<]
[2024-10-03 12:13:30,684: INFO: main: >>>>>> stage MODEL_EVALUATE completed <<<<<<

x==========x]
[2024-10-03 12:15:36,204: INFO: main: >>>>>> stage DATA_INGESTION started <<<<<<]
[2024-10-03 12:15:53,516: INFO: main: >>>>>> stage DATA_INGESTION completed <<<<<<

x==========x]
[2024-10-03 12:15:53,516: INFO: main: >>>>>> stage PRETRAIN_MODEL started <<<<<<]
[2024-10-03 12:15:53,598: INFO: main: >>>>>> stage PRETRAIN_MODEL completed <<<<<<

x==========x]
[2024-10-03 12:15:53,599: INFO: main: >>>>>> stage MODEL_EVALUATE started <<<<<<]
[2024-10-03 12:18:53,193: INFO: main: >>>>>> stage MODEL_EVALUATE completed <<<<<<

x==========x]
[2024-10-03 12:19:13,606: INFO: main: >>>>>> stage DATA_INGESTION started <<<<<<]
[2024-10-03 12:20:14,281: INFO: main: >>>>>> stage DATA_INGESTION completed <<<<<<

x==========x]
[2024-10-03 12:20:14,283: INFO: main: >>>>>> stage PRETRAIN_MODEL started <<<<<<]
[2024-10-03 12:20:14,381: INFO: main: >>>>>> stage PRETRAIN_MODEL completed <<<<<<

x==========x]
[2024-10-03 12:20:14,386: INFO: main: >>>>>> stage MODEL_EVALUATE started <<<<<<]
[2024-10-03 12:25:51,758: INFO: main: >>>>>> stage MODEL_EVALUATE completed <<<<<<

x==========x]
[2024-10-03 12:26:05,886: INFO: main: >>>>>> stage DATA_INGESTION started <<<<<<]
[2024-10-03 12:26:23,553: INFO: main: >>>>>> stage DATA_INGESTION completed <<<<<<

x==========x]
[2024-10-03 12:26:23,554: INFO: main: >>>>>> stage PRETRAIN_MODEL started <<<<<<]
[2024-10-03 12:26:23,621: INFO: main: >>>>>> stage PRETRAIN_MODEL completed <<<<<<

x==========x]
[2024-10-03 12:26:23,622: INFO: main: >>>>>> stage MODEL_EVALUATE started <<<<<<]
[2024-10-03 12:27:51,068: INFO: main: >>>>>> stage DATA_INGESTION started <<<<<<]
[2024-10-03 12:28:16,315: INFO: main: >>>>>> stage DATA_INGESTION completed <<<<<<

x==========x]
[2024-10-03 12:28:16,316: INFO: main: >>>>>> stage PRETRAIN_MODEL started <<<<<<]
[2024-10-03 12:28:16,391: INFO: main: >>>>>> stage PRETRAIN_MODEL completed <<<<<<

x==========x]
[2024-10-03 12:28:16,393: INFO: main: >>>>>> stage MODEL_EVALUATE started <<<<<<]
[2024-10-03 12:33:32,894: INFO: main: >>>>>> stage MODEL_EVALUATE completed <<<<<<

x==========x]
[2024-10-03 12:33:49,007: INFO: main: >>>>>> stage DATA_INGESTION started <<<<<<]
[2024-10-03 12:34:09,597: INFO: main: >>>>>> stage DATA_INGESTION completed <<<<<<

x==========x]
[2024-10-03 12:34:09,598: INFO: main: >>>>>> stage PRETRAIN_MODEL started <<<<<<]
[2024-10-03 12:34:09,673: INFO: main: >>>>>> stage PRETRAIN_MODEL completed <<<<<<

x==========x]
[2024-10-03 12:34:09,673: INFO: main: >>>>>> stage MODEL_EVALUATE started <<<<<<]
[2024-10-03 12:41:12,622: INFO: main: >>>>>> stage DATA_INGESTION started <<<<<<]
[2024-10-03 12:41:48,557: INFO: main: >>>>>> stage DATA_INGESTION completed <<<<<<

x==========x]
[2024-10-03 12:41:48,558: INFO: main: >>>>>> stage PRETRAIN_MODEL started <<<<<<]
[2024-10-03 12:41:48,747: INFO: main: >>>>>> stage PRETRAIN_MODEL completed <<<<<<

x==========x]
[2024-10-03 12:41:48,747: INFO: main: >>>>>> stage MODEL_EVALUATE started <<<<<<]
[2024-10-03 12:42:41,100: INFO: main: >>>>>> stage MODEL_EVALUATE completed <<<<<<

x==========x]
[2024-10-03 13:22:14,968: INFO: main: >>>>>> stage DATA_INGESTION started <<<<<<]
[2024-10-03 13:22:42,069: INFO: main: >>>>>> stage DATA_INGESTION completed <<<<<<

x==========x]
[2024-10-03 13:22:42,072: INFO: main: >>>>>> stage PRETRAIN_MODEL started <<<<<<]
[2024-10-03 13:22:42,259: INFO: main: >>>>>> stage PRETRAIN_MODEL completed <<<<<<

x==========x]
[2024-10-03 13:22:42,260: INFO: main: >>>>>> stage MODEL_EVALUATE started <<<<<<]
[2024-10-03 13:25:00,308: INFO: main: >>>>>> stage MODEL_EVALUATE completed <<<<<<

x==========x]
[2024-10-03 13:33:00,733: INFO: main: >>>>>> stage MODEL_EVALUATE completed <<<<<<

x==========x]
[2024-10-03 16:15:30,412: INFO: main: >>>>>> stage DATA_INGESTION started <<<<<<]
[2024-10-03 16:16:09,127: INFO: main: >>>>>> stage DATA_INGESTION completed <<<<<<

x==========x]
[2024-10-03 16:16:09,128: INFO: main: >>>>>> stage PRETRAIN_MODEL started <<<<<<]
[2024-10-03 16:16:09,193: INFO: main: >>>>>> stage PRETRAIN_MODEL completed <<<<<<

x==========x]
[2024-10-03 16:16:09,193: INFO: main: >>>>>> stage MODEL_EVALUATE started <<<<<<]
[2024-10-03 16:32:49,043: INFO: main: >>>>>> stage MODEL_EVALUATE completed <<<<<<

x==========x]
[2024-10-03 16:57:43,160: INFO: main: >>>>>> stage DATA_INGESTION started <<<<<<]
[2024-10-03 16:57:59,941: INFO: main: >>>>>> stage DATA_INGESTION completed <<<<<<

x==========x]
[2024-10-03 16:57:59,942: INFO: main: >>>>>> stage PRETRAIN_MODEL started <<<<<<]
[2024-10-03 16:57:59,999: INFO: main: >>>>>> stage PRETRAIN_MODEL completed <<<<<<

x==========x]
[2024-10-03 16:58:00,000: INFO: main: >>>>>> stage DATA_WINDOWING started <<<<<<]
[2024-10-03 16:58:00,000: INFO: main: >>>>>> stage MODEL_EVALUATE started <<<<<<]
[2024-10-03 16:58:00,003: ERROR: main: File not found: filepath=src\weatherTSF\modelsutoreg_LSTM.keras. Please ensure the file is an accessible `.keras` zip file.]
Traceback (most recent call last):
  File "C:\Users\14173\Desktop\ML\projects\weatherTSF\main.py", line 61, in <module>
    loaded_model = tf.keras.models.load_model('src\weatherTSF\models\autoreg_LSTM.keras')
  File "C:\Users\14173\miniconda3\envs\weather-tsf\lib\site-packages\keras\src\saving\saving_api.py", line 198, in load_model
    raise ValueError(
ValueError: File not found: filepath=src\weatherTSF\modelsutoreg_LSTM.keras. Please ensure the file is an accessible `.keras` zip file.
[2024-10-03 17:00:12,268: INFO: main: >>>>>> stage DATA_INGESTION started <<<<<<]
[2024-10-03 17:00:28,111: INFO: main: >>>>>> stage DATA_INGESTION completed <<<<<<

x==========x]
[2024-10-03 17:00:28,113: INFO: main: >>>>>> stage PRETRAIN_MODEL started <<<<<<]
[2024-10-03 17:00:28,176: INFO: main: >>>>>> stage PRETRAIN_MODEL completed <<<<<<

x==========x]
[2024-10-03 17:00:28,176: INFO: main: >>>>>> stage DATA_WINDOWING started <<<<<<]
[2024-10-03 17:00:28,178: INFO: main: >>>>>> stage MODEL_EVALUATE started <<<<<<]
[2024-10-03 17:00:28,182: ERROR: main: File not found: filepath=src\weatherTSF\modelsutoreg_LSTM.keras. Please ensure the file is an accessible `.keras` zip file.]
Traceback (most recent call last):
  File "C:\Users\14173\Desktop\ML\projects\weatherTSF\main.py", line 61, in <module>
    loaded_model = tf.keras.models.load_model('src\weatherTSF\models\autoreg_LSTM.keras')
  File "C:\Users\14173\miniconda3\envs\weather-tsf\lib\site-packages\keras\src\saving\saving_api.py", line 198, in load_model
    raise ValueError(
ValueError: File not found: filepath=src\weatherTSF\modelsutoreg_LSTM.keras. Please ensure the file is an accessible `.keras` zip file.
[2024-10-03 17:02:54,388: INFO: main: >>>>>> stage DATA_INGESTION started <<<<<<]
[2024-10-03 17:03:13,271: INFO: main: >>>>>> stage DATA_INGESTION completed <<<<<<

x==========x]
[2024-10-03 17:03:13,271: INFO: main: >>>>>> stage PRETRAIN_MODEL started <<<<<<]
[2024-10-03 17:03:13,329: INFO: main: >>>>>> stage PRETRAIN_MODEL completed <<<<<<

x==========x]
[2024-10-03 17:03:13,332: INFO: main: >>>>>> stage DATA_WINDOWING started <<<<<<]
[2024-10-03 17:03:13,333: INFO: main: >>>>>> stage MODEL_EVALUATE started <<<<<<]
[2024-10-03 17:03:13,335: ERROR: main: File not found: filepath=src\weatherTSF\modelsutoreg_LSTM.keras. Please ensure the file is an accessible `.keras` zip file.]
Traceback (most recent call last):
  File "C:\Users\14173\Desktop\ML\projects\weatherTSF\main.py", line 61, in <module>
    loaded_model = tf.keras.models.load_model('src\weatherTSF\models\autoreg_LSTM.keras')
  File "C:\Users\14173\miniconda3\envs\weather-tsf\lib\site-packages\keras\src\saving\saving_api.py", line 198, in load_model
    raise ValueError(
ValueError: File not found: filepath=src\weatherTSF\modelsutoreg_LSTM.keras. Please ensure the file is an accessible `.keras` zip file.
[2024-10-03 17:04:27,584: INFO: main: >>>>>> stage DATA_INGESTION started <<<<<<]
[2024-10-03 17:04:42,684: INFO: main: >>>>>> stage DATA_INGESTION completed <<<<<<

x==========x]
[2024-10-03 17:04:42,685: INFO: main: >>>>>> stage PRETRAIN_MODEL started <<<<<<]
[2024-10-03 17:04:42,752: INFO: main: >>>>>> stage PRETRAIN_MODEL completed <<<<<<

x==========x]
[2024-10-03 17:04:42,753: INFO: main: >>>>>> stage DATA_WINDOWING started <<<<<<]
[2024-10-03 17:04:42,756: INFO: main: >>>>>> stage MODEL_EVALUATE started <<<<<<]
[2024-10-03 17:04:42,804: ERROR: main: <class 'src.weatherTSF.components.autoreg_train_model.FeedBack'> could not be deserialized properly. Please ensure that components that are Python object instances (layers, models, etc.) returned by `get_config()` are explicitly deserialized in the model's `from_config()` method.

config={'module': 'src.weatherTSF.components.autoreg_train_model', 'class_name': 'FeedBack', 'config': {'trainable': True, 'dtype': {'module': 'keras', 'class_name': 'DTypePolicy', 'config': {'name': 'float32'}, 'registered_name': None}}, 'registered_name': 'FeedBack', 'build_config': {'input_shape': [None, 24, 14]}, 'compile_config': {'optimizer': {'module': 'keras.optimizers', 'class_name': 'Adam', 'config': {'name': 'adam', 'learning_rate': 0.0010000000474974513, 'weight_decay': None, 'clipnorm': None, 'global_clipnorm': None, 'clipvalue': None, 'use_ema': False, 'ema_momentum': 0.99, 'ema_overwrite_frequency': None, 'loss_scale_factor': None, 'gradient_accumulation_steps': None, 'beta_1': 0.9, 'beta_2': 0.999, 'epsilon': 1e-07, 'amsgrad': False}, 'registered_name': None}, 'loss': {'module': 'keras.losses', 'class_name': 'MeanSquaredError', 'config': {'name': 'mean_squared_error', 'reduction': 'sum_over_batch_size'}, 'registered_name': None}, 'loss_weights': None, 'metrics': [{'module': 'keras.metrics', 'class_name': 'MeanAbsoluteError', 'config': {'name': 'mean_absolute_error', 'dtype': 'float32'}, 'registered_name': None}], 'weighted_metrics': None, 'run_eagerly': False, 'steps_per_execution': 1, 'jit_compile': False}}.

Exception encountered: Unable to revive model from config. When overriding the `get_config()` method, make sure that the returned config contains all items used as arguments in the  constructor to <class 'src.weatherTSF.components.autoreg_train_model.FeedBack'>, which is the default behavior. You can override this default behavior by defining a `from_config(cls, config)` class method to specify how to create an instance of FeedBack from its config.

Received config={'trainable': True, 'dtype': {'module': 'keras', 'class_name': 'DTypePolicy', 'config': {'name': 'float32'}, 'registered_name': None}}

Error encountered during deserialization: FeedBack.__init__() got an unexpected keyword argument 'trainable']
Traceback (most recent call last):
  File "C:\Users\14173\miniconda3\envs\weather-tsf\lib\site-packages\keras\src\models\model.py", line 537, in from_config
    return cls(**config)
TypeError: FeedBack.__init__() got an unexpected keyword argument 'trainable'

During handling of the above exception, another exception occurred:

Traceback (most recent call last):
  File "C:\Users\14173\miniconda3\envs\weather-tsf\lib\site-packages\keras\src\saving\serialization_lib.py", line 718, in deserialize_keras_object
    instance = cls.from_config(inner_config)
  File "C:\Users\14173\miniconda3\envs\weather-tsf\lib\site-packages\keras\src\models\model.py", line 539, in from_config
    raise TypeError(
TypeError: Unable to revive model from config. When overriding the `get_config()` method, make sure that the returned config contains all items used as arguments in the  constructor to <class 'src.weatherTSF.components.autoreg_train_model.FeedBack'>, which is the default behavior. You can override this default behavior by defining a `from_config(cls, config)` class method to specify how to create an instance of FeedBack from its config.

Received config={'trainable': True, 'dtype': {'module': 'keras', 'class_name': 'DTypePolicy', 'config': {'name': 'float32'}, 'registered_name': None}}

Error encountered during deserialization: FeedBack.__init__() got an unexpected keyword argument 'trainable'

During handling of the above exception, another exception occurred:

Traceback (most recent call last):
  File "C:\Users\14173\Desktop\ML\projects\weatherTSF\main.py", line 61, in <module>
    loaded_model = tf.keras.models.load_model('./src/weatherTSF/models/autoreg_LSTM.keras')
  File "C:\Users\14173\miniconda3\envs\weather-tsf\lib\site-packages\keras\src\saving\saving_api.py", line 187, in load_model
    return saving_lib.load_model(
  File "C:\Users\14173\miniconda3\envs\weather-tsf\lib\site-packages\keras\src\saving\saving_lib.py", line 365, in load_model
    return _load_model_from_fileobj(
  File "C:\Users\14173\miniconda3\envs\weather-tsf\lib\site-packages\keras\src\saving\saving_lib.py", line 442, in _load_model_from_fileobj
    model = _model_from_config(
  File "C:\Users\14173\miniconda3\envs\weather-tsf\lib\site-packages\keras\src\saving\saving_lib.py", line 431, in _model_from_config
    model = deserialize_keras_object(
  File "C:\Users\14173\miniconda3\envs\weather-tsf\lib\site-packages\keras\src\saving\serialization_lib.py", line 720, in deserialize_keras_object
    raise TypeError(
TypeError: <class 'src.weatherTSF.components.autoreg_train_model.FeedBack'> could not be deserialized properly. Please ensure that components that are Python object instances (layers, models, etc.) returned by `get_config()` are explicitly deserialized in the model's `from_config()` method.

config={'module': 'src.weatherTSF.components.autoreg_train_model', 'class_name': 'FeedBack', 'config': {'trainable': True, 'dtype': {'module': 'keras', 'class_name': 'DTypePolicy', 'config': {'name': 'float32'}, 'registered_name': None}}, 'registered_name': 'FeedBack', 'build_config': {'input_shape': [None, 24, 14]}, 'compile_config': {'optimizer': {'module': 'keras.optimizers', 'class_name': 'Adam', 'config': {'name': 'adam', 'learning_rate': 0.0010000000474974513, 'weight_decay': None, 'clipnorm': None, 'global_clipnorm': None, 'clipvalue': None, 'use_ema': False, 'ema_momentum': 0.99, 'ema_overwrite_frequency': None, 'loss_scale_factor': None, 'gradient_accumulation_steps': None, 'beta_1': 0.9, 'beta_2': 0.999, 'epsilon': 1e-07, 'amsgrad': False}, 'registered_name': None}, 'loss': {'module': 'keras.losses', 'class_name': 'MeanSquaredError', 'config': {'name': 'mean_squared_error', 'reduction': 'sum_over_batch_size'}, 'registered_name': None}, 'loss_weights': None, 'metrics': [{'module': 'keras.metrics', 'class_name': 'MeanAbsoluteError', 'config': {'name': 'mean_absolute_error', 'dtype': 'float32'}, 'registered_name': None}], 'weighted_metrics': None, 'run_eagerly': False, 'steps_per_execution': 1, 'jit_compile': False}}.

Exception encountered: Unable to revive model from config. When overriding the `get_config()` method, make sure that the returned config contains all items used as arguments in the  constructor to <class 'src.weatherTSF.components.autoreg_train_model.FeedBack'>, which is the default behavior. You can override this default behavior by defining a `from_config(cls, config)` class method to specify how to create an instance of FeedBack from its config.

Received config={'trainable': True, 'dtype': {'module': 'keras', 'class_name': 'DTypePolicy', 'config': {'name': 'float32'}, 'registered_name': None}}

Error encountered during deserialization: FeedBack.__init__() got an unexpected keyword argument 'trainable'
[2024-10-03 17:08:30,265: INFO: main: >>>>>> stage DATA_INGESTION started <<<<<<]
[2024-10-03 17:08:46,338: INFO: main: >>>>>> stage DATA_INGESTION completed <<<<<<

x==========x]
[2024-10-03 17:08:46,338: INFO: main: >>>>>> stage PRETRAIN_MODEL started <<<<<<]
[2024-10-03 17:08:46,403: INFO: main: >>>>>> stage PRETRAIN_MODEL completed <<<<<<

x==========x]
[2024-10-03 17:08:46,404: INFO: main: >>>>>> stage DATA_WINDOWING started <<<<<<]
[2024-10-03 17:08:46,406: INFO: main: >>>>>> stage MODEL_EVALUATE started <<<<<<]
[2024-10-03 17:15:25,867: ERROR: main: <class 'src.weatherTSF.components.autoreg_train_model.FeedBack'> could not be deserialized properly. Please ensure that components that are Python object instances (layers, models, etc.) returned by `get_config()` are explicitly deserialized in the model's `from_config()` method.

config={'module': 'src.weatherTSF.components.autoreg_train_model', 'class_name': 'FeedBack', 'config': {'trainable': True, 'dtype': {'module': 'keras', 'class_name': 'DTypePolicy', 'config': {'name': 'float32'}, 'registered_name': None}}, 'registered_name': 'FeedBack', 'build_config': {'input_shape': [None, 24, 14]}, 'compile_config': {'optimizer': {'module': 'keras.optimizers', 'class_name': 'Adam', 'config': {'name': 'adam', 'learning_rate': 0.0010000000474974513, 'weight_decay': None, 'clipnorm': None, 'global_clipnorm': None, 'clipvalue': None, 'use_ema': False, 'ema_momentum': 0.99, 'ema_overwrite_frequency': None, 'loss_scale_factor': None, 'gradient_accumulation_steps': None, 'beta_1': 0.9, 'beta_2': 0.999, 'epsilon': 1e-07, 'amsgrad': False}, 'registered_name': None}, 'loss': {'module': 'keras.losses', 'class_name': 'MeanSquaredError', 'config': {'name': 'mean_squared_error', 'reduction': 'sum_over_batch_size'}, 'registered_name': None}, 'loss_weights': None, 'metrics': [{'module': 'keras.metrics', 'class_name': 'MeanAbsoluteError', 'config': {'name': 'mean_absolute_error', 'dtype': 'float32'}, 'registered_name': None}], 'weighted_metrics': None, 'run_eagerly': False, 'steps_per_execution': 1, 'jit_compile': False}}.

Exception encountered: Unable to revive model from config. When overriding the `get_config()` method, make sure that the returned config contains all items used as arguments in the  constructor to <class 'src.weatherTSF.components.autoreg_train_model.FeedBack'>, which is the default behavior. You can override this default behavior by defining a `from_config(cls, config)` class method to specify how to create an instance of FeedBack from its config.

Received config={'trainable': True, 'dtype': {'module': 'keras', 'class_name': 'DTypePolicy', 'config': {'name': 'float32'}, 'registered_name': None}}

Error encountered during deserialization: FeedBack.__init__() got an unexpected keyword argument 'trainable']
Traceback (most recent call last):
  File "C:\Users\14173\miniconda3\envs\weather-tsf\lib\site-packages\keras\src\models\model.py", line 537, in from_config
    return cls(**config)
TypeError: FeedBack.__init__() got an unexpected keyword argument 'trainable'

During handling of the above exception, another exception occurred:

Traceback (most recent call last):
  File "C:\Users\14173\miniconda3\envs\weather-tsf\lib\site-packages\keras\src\saving\serialization_lib.py", line 718, in deserialize_keras_object
    instance = cls.from_config(inner_config)
  File "C:\Users\14173\miniconda3\envs\weather-tsf\lib\site-packages\keras\src\models\model.py", line 539, in from_config
    raise TypeError(
TypeError: Unable to revive model from config. When overriding the `get_config()` method, make sure that the returned config contains all items used as arguments in the  constructor to <class 'src.weatherTSF.components.autoreg_train_model.FeedBack'>, which is the default behavior. You can override this default behavior by defining a `from_config(cls, config)` class method to specify how to create an instance of FeedBack from its config.

Received config={'trainable': True, 'dtype': {'module': 'keras', 'class_name': 'DTypePolicy', 'config': {'name': 'float32'}, 'registered_name': None}}

Error encountered during deserialization: FeedBack.__init__() got an unexpected keyword argument 'trainable'

During handling of the above exception, another exception occurred:

Traceback (most recent call last):
  File "C:\Users\14173\Desktop\ML\projects\weatherTSF\main.py", line 65, in <module>
    loaded_model = tf.keras.models.load_model('./src/weatherTSF/models/autoreg_LSTM.keras')
  File "C:\Users\14173\miniconda3\envs\weather-tsf\lib\site-packages\keras\src\saving\saving_api.py", line 187, in load_model
    return saving_lib.load_model(
  File "C:\Users\14173\miniconda3\envs\weather-tsf\lib\site-packages\keras\src\saving\saving_lib.py", line 365, in load_model
    return _load_model_from_fileobj(
  File "C:\Users\14173\miniconda3\envs\weather-tsf\lib\site-packages\keras\src\saving\saving_lib.py", line 442, in _load_model_from_fileobj
    model = _model_from_config(
  File "C:\Users\14173\miniconda3\envs\weather-tsf\lib\site-packages\keras\src\saving\saving_lib.py", line 431, in _model_from_config
    model = deserialize_keras_object(
  File "C:\Users\14173\miniconda3\envs\weather-tsf\lib\site-packages\keras\src\saving\serialization_lib.py", line 720, in deserialize_keras_object
    raise TypeError(
TypeError: <class 'src.weatherTSF.components.autoreg_train_model.FeedBack'> could not be deserialized properly. Please ensure that components that are Python object instances (layers, models, etc.) returned by `get_config()` are explicitly deserialized in the model's `from_config()` method.

config={'module': 'src.weatherTSF.components.autoreg_train_model', 'class_name': 'FeedBack', 'config': {'trainable': True, 'dtype': {'module': 'keras', 'class_name': 'DTypePolicy', 'config': {'name': 'float32'}, 'registered_name': None}}, 'registered_name': 'FeedBack', 'build_config': {'input_shape': [None, 24, 14]}, 'compile_config': {'optimizer': {'module': 'keras.optimizers', 'class_name': 'Adam', 'config': {'name': 'adam', 'learning_rate': 0.0010000000474974513, 'weight_decay': None, 'clipnorm': None, 'global_clipnorm': None, 'clipvalue': None, 'use_ema': False, 'ema_momentum': 0.99, 'ema_overwrite_frequency': None, 'loss_scale_factor': None, 'gradient_accumulation_steps': None, 'beta_1': 0.9, 'beta_2': 0.999, 'epsilon': 1e-07, 'amsgrad': False}, 'registered_name': None}, 'loss': {'module': 'keras.losses', 'class_name': 'MeanSquaredError', 'config': {'name': 'mean_squared_error', 'reduction': 'sum_over_batch_size'}, 'registered_name': None}, 'loss_weights': None, 'metrics': [{'module': 'keras.metrics', 'class_name': 'MeanAbsoluteError', 'config': {'name': 'mean_absolute_error', 'dtype': 'float32'}, 'registered_name': None}], 'weighted_metrics': None, 'run_eagerly': False, 'steps_per_execution': 1, 'jit_compile': False}}.

Exception encountered: Unable to revive model from config. When overriding the `get_config()` method, make sure that the returned config contains all items used as arguments in the  constructor to <class 'src.weatherTSF.components.autoreg_train_model.FeedBack'>, which is the default behavior. You can override this default behavior by defining a `from_config(cls, config)` class method to specify how to create an instance of FeedBack from its config.

Received config={'trainable': True, 'dtype': {'module': 'keras', 'class_name': 'DTypePolicy', 'config': {'name': 'float32'}, 'registered_name': None}}

Error encountered during deserialization: FeedBack.__init__() got an unexpected keyword argument 'trainable'
[2024-10-03 17:36:38,417: INFO: main: >>>>>> stage DATA_INGESTION started <<<<<<]
[2024-10-03 17:36:56,102: INFO: main: >>>>>> stage DATA_INGESTION completed <<<<<<

x==========x]
[2024-10-03 17:36:56,103: INFO: main: >>>>>> stage PRETRAIN_MODEL started <<<<<<]
[2024-10-03 17:36:56,180: INFO: main: >>>>>> stage PRETRAIN_MODEL completed <<<<<<

x==========x]
[2024-10-03 17:36:56,182: INFO: main: >>>>>> stage DATA_WINDOWING started <<<<<<]
[2024-10-03 17:36:56,187: INFO: main: >>>>>> stage MODEL_EVALUATE started <<<<<<]
[2024-10-03 17:43:42,304: ERROR: main: 'FeedBack' object has no attribute 'num_features']
Traceback (most recent call last):
  File "C:\Users\14173\Desktop\ML\projects\weatherTSF\main.py", line 64, in <module>
    autoregressive_LSTM_Evaluate(feedback_model=feedback_model,train_df=train_df,val_df=val_df,test_df=test_df)
  File "C:\Users\14173\Desktop\ML\projects\weatherTSF\src\weatherTSF\components\autoreg_eval_models.py", line 14, in autoregressive_LSTM_Evaluate
    feedback_model.save(model_path)
  File "C:\Users\14173\miniconda3\envs\weather-tsf\lib\site-packages\keras\src\utils\traceback_utils.py", line 122, in error_handler
    raise e.with_traceback(filtered_tb) from None
  File "C:\Users\14173\Desktop\ML\projects\weatherTSF\src\weatherTSF\components\autoreg_train_model.py", line 57, in get_config
    'num_features': self.num_features,
AttributeError: 'FeedBack' object has no attribute 'num_features'
[2024-10-03 17:44:48,733: INFO: main: >>>>>> stage DATA_INGESTION started <<<<<<]
[2024-10-03 17:45:10,905: INFO: main: >>>>>> stage DATA_INGESTION completed <<<<<<

x==========x]
[2024-10-03 17:45:10,905: INFO: main: >>>>>> stage PRETRAIN_MODEL started <<<<<<]
[2024-10-03 17:45:10,976: INFO: main: >>>>>> stage PRETRAIN_MODEL completed <<<<<<

x==========x]
[2024-10-03 17:45:10,976: INFO: main: >>>>>> stage DATA_WINDOWING started <<<<<<]
[2024-10-03 17:45:10,978: INFO: main: >>>>>> stage MODEL_EVALUATE started <<<<<<]
[2024-10-03 17:58:02,421: ERROR: main: <class 'src.weatherTSF.components.autoreg_train_model.FeedBack'> could not be deserialized properly. Please ensure that components that are Python object instances (layers, models, etc.) returned by `get_config()` are explicitly deserialized in the model's `from_config()` method.

config={'module': 'src.weatherTSF.components.autoreg_train_model', 'class_name': 'FeedBack', 'config': {'name': 'feed_back', 'trainable': True, 'dtype': {'module': 'keras', 'class_name': 'DTypePolicy', 'config': {'name': 'float32'}, 'registered_name': None}, 'units': 32, 'out_steps': 24, 'num_features': 14}, 'registered_name': 'FeedBack', 'build_config': {'input_shape': [None, 24, 14]}, 'compile_config': {'optimizer': {'module': 'keras.optimizers', 'class_name': 'Adam', 'config': {'name': 'adam', 'learning_rate': 0.0010000000474974513, 'weight_decay': None, 'clipnorm': None, 'global_clipnorm': None, 'clipvalue': None, 'use_ema': False, 'ema_momentum': 0.99, 'ema_overwrite_frequency': None, 'loss_scale_factor': None, 'gradient_accumulation_steps': None, 'beta_1': 0.9, 'beta_2': 0.999, 'epsilon': 1e-07, 'amsgrad': False}, 'registered_name': None}, 'loss': {'module': 'keras.losses', 'class_name': 'MeanSquaredError', 'config': {'name': 'mean_squared_error', 'reduction': 'sum_over_batch_size'}, 'registered_name': None}, 'loss_weights': None, 'metrics': [{'module': 'keras.metrics', 'class_name': 'MeanAbsoluteError', 'config': {'name': 'mean_absolute_error', 'dtype': 'float32'}, 'registered_name': None}], 'weighted_metrics': None, 'run_eagerly': False, 'steps_per_execution': 1, 'jit_compile': False}}.

Exception encountered: FeedBack.__init__() got an unexpected keyword argument 'name']
Traceback (most recent call last):
  File "C:\Users\14173\miniconda3\envs\weather-tsf\lib\site-packages\keras\src\saving\serialization_lib.py", line 718, in deserialize_keras_object
    instance = cls.from_config(inner_config)
  File "C:\Users\14173\Desktop\ML\projects\weatherTSF\src\weatherTSF\components\autoreg_train_model.py", line 64, in from_config
    return cls(**config)
TypeError: FeedBack.__init__() got an unexpected keyword argument 'name'

During handling of the above exception, another exception occurred:

Traceback (most recent call last):
  File "C:\Users\14173\Desktop\ML\projects\weatherTSF\main.py", line 65, in <module>
    loaded_model = tf.keras.models.load_model('./src/weatherTSF/models/autoreg_LSTM.keras', custom_objects={'FeedBack': FeedBack})
  File "C:\Users\14173\miniconda3\envs\weather-tsf\lib\site-packages\keras\src\saving\saving_api.py", line 187, in load_model
    return saving_lib.load_model(
  File "C:\Users\14173\miniconda3\envs\weather-tsf\lib\site-packages\keras\src\saving\saving_lib.py", line 365, in load_model
    return _load_model_from_fileobj(
  File "C:\Users\14173\miniconda3\envs\weather-tsf\lib\site-packages\keras\src\saving\saving_lib.py", line 442, in _load_model_from_fileobj
    model = _model_from_config(
  File "C:\Users\14173\miniconda3\envs\weather-tsf\lib\site-packages\keras\src\saving\saving_lib.py", line 431, in _model_from_config
    model = deserialize_keras_object(
  File "C:\Users\14173\miniconda3\envs\weather-tsf\lib\site-packages\keras\src\saving\serialization_lib.py", line 720, in deserialize_keras_object
    raise TypeError(
TypeError: <class 'src.weatherTSF.components.autoreg_train_model.FeedBack'> could not be deserialized properly. Please ensure that components that are Python object instances (layers, models, etc.) returned by `get_config()` are explicitly deserialized in the model's `from_config()` method.

config={'module': 'src.weatherTSF.components.autoreg_train_model', 'class_name': 'FeedBack', 'config': {'name': 'feed_back', 'trainable': True, 'dtype': {'module': 'keras', 'class_name': 'DTypePolicy', 'config': {'name': 'float32'}, 'registered_name': None}, 'units': 32, 'out_steps': 24, 'num_features': 14}, 'registered_name': 'FeedBack', 'build_config': {'input_shape': [None, 24, 14]}, 'compile_config': {'optimizer': {'module': 'keras.optimizers', 'class_name': 'Adam', 'config': {'name': 'adam', 'learning_rate': 0.0010000000474974513, 'weight_decay': None, 'clipnorm': None, 'global_clipnorm': None, 'clipvalue': None, 'use_ema': False, 'ema_momentum': 0.99, 'ema_overwrite_frequency': None, 'loss_scale_factor': None, 'gradient_accumulation_steps': None, 'beta_1': 0.9, 'beta_2': 0.999, 'epsilon': 1e-07, 'amsgrad': False}, 'registered_name': None}, 'loss': {'module': 'keras.losses', 'class_name': 'MeanSquaredError', 'config': {'name': 'mean_squared_error', 'reduction': 'sum_over_batch_size'}, 'registered_name': None}, 'loss_weights': None, 'metrics': [{'module': 'keras.metrics', 'class_name': 'MeanAbsoluteError', 'config': {'name': 'mean_absolute_error', 'dtype': 'float32'}, 'registered_name': None}], 'weighted_metrics': None, 'run_eagerly': False, 'steps_per_execution': 1, 'jit_compile': False}}.

Exception encountered: FeedBack.__init__() got an unexpected keyword argument 'name'
[2024-10-03 20:30:15,559: INFO: main: >>>>>> stage DATA_INGESTION started <<<<<<]
[2024-10-03 20:30:36,538: INFO: main: >>>>>> stage DATA_INGESTION completed <<<<<<

x==========x]
[2024-10-03 20:30:36,539: INFO: main: >>>>>> stage PRETRAIN_MODEL started <<<<<<]
[2024-10-03 20:30:36,609: INFO: main: >>>>>> stage PRETRAIN_MODEL completed <<<<<<

x==========x]
[2024-10-03 20:30:36,609: INFO: main: >>>>>> stage DATA_WINDOWING started <<<<<<]
[2024-10-03 20:30:36,611: INFO: main: >>>>>> stage MODEL_EVALUATE started <<<<<<]
[2024-10-03 20:53:46,212: INFO: main: >>>>>> stage MODEL_EVALUATE completed <<<<<<

x==========x]
